<?xml version="1.0" encoding="UTF-8"?>
<!-- Generated by org.testng.reporters.JUnitXMLReporter -->
<testsuite ignored="0" hostname="kalpesh16" failures="0" tests="4" name="Default test" time="29.206" errors="0" timestamp="30 Sep 2021 17:10:34 GMT">
  <testcase classname="Testng.PomSetup.EbaySetup" name="navigate_to_homepage_click_on_SearchBar" time="4.372"/>
  <testcase classname="Testng.PomSetup.EbaySetup" name="enter_userDetails" time="9.417"/>
  <testcase classname="Testng.PomSetup.EbaySetup" name="enter1_userDetails" time="6.34"/>
  <testcase classname="Testng.PomSetup.EbaySetup" name="enter2_userDetails" time="4.522"/>
</testsuite> <!-- Default test -->
