<?xml version="1.0" encoding="UTF-8"?>
<!-- Generated by org.testng.reporters.JUnitXMLReporter -->
<testsuite ignored="2" hostname="kalpesh16" failures="0" tests="2" name="Test" time="14.013" errors="0" timestamp="13 Jan 2022 16:56:25 GMT">
  <testcase classname="Testng.PomSetup.EbaySetup" name="navigate_to_homepage_click_on_SearchBar" time="3.845"/>
  <testcase classname="Testng.PomSetup.EbaySetup" name="electronicsPage" time="3.991"/>
  <testcase classname="Testng.PomSetup.EbaySetup" name="sportsPage" time="0.0">
    <ignored/>
  </testcase> <!-- sportsPage -->
  <testcase classname="Testng.PomSetup.EbaySetup" name="sellPage" time="0.0">
    <ignored/>
  </testcase> <!-- sellPage -->
</testsuite> <!-- Test -->
