<?xml version="1.0" encoding="UTF-8"?>
<testng-results ignored="2" total="4" passed="2" failed="0" skipped="0">
  <reporter-output>
  </reporter-output>
  <suite started-at="2022-01-13T16:56:11Z" name="Suite" finished-at="2022-01-13T16:56:25Z" duration-ms="14013">
    <groups>
      <group name="electronics">
        <method signature="EbaySetup.electronicsPage()[pri:2, instance:Testng.PomSetup.EbaySetup@125290e5]" name="electronicsPage" class="Testng.PomSetup.EbaySetup"/>
        <method signature="EbaySetup.navigate_to_homepage_click_on_SearchBar()[pri:1, instance:Testng.PomSetup.EbaySetup@125290e5]" name="navigate_to_homepage_click_on_SearchBar" class="Testng.PomSetup.EbaySetup"/>
      </group> <!-- electronics -->
    </groups>
    <test started-at="2022-01-13T16:56:11Z" name="Test" finished-at="2022-01-13T16:56:25Z" duration-ms="14013">
      <class name="Testng.PomSetup.EbaySetup">
        <test-method is-config="true" signature="setup()[pri:0, instance:Testng.PomSetup.EbaySetup@125290e5]" started-at="2022-01-13T16:56:11Z" name="setup" finished-at="2022-01-13T16:56:18Z" duration-ms="6137" status="PASS">
          <reporter-output>
          </reporter-output>
        </test-method> <!-- setup -->
        <test-method signature="navigate_to_homepage_click_on_SearchBar()[pri:1, instance:Testng.PomSetup.EbaySetup@125290e5]" started-at="2022-01-13T16:56:18Z" name="navigate_to_homepage_click_on_SearchBar" finished-at="2022-01-13T16:56:21Z" duration-ms="3845" status="PASS">
          <reporter-output>
          </reporter-output>
        </test-method> <!-- navigate_to_homepage_click_on_SearchBar -->
        <test-method signature="electronicsPage()[pri:2, instance:Testng.PomSetup.EbaySetup@125290e5]" started-at="2022-01-13T16:56:21Z" name="electronicsPage" finished-at="2022-01-13T16:56:25Z" duration-ms="3991" status="PASS">
          <reporter-output>
          </reporter-output>
        </test-method> <!-- electronicsPage -->
      </class> <!-- Testng.PomSetup.EbaySetup -->
    </test> <!-- Test -->
  </suite> <!-- Suite -->
</testng-results>
