<?xml version="1.0" encoding="UTF-8"?>
<testng-results ignored="0" total="4" passed="4" failed="0" skipped="0">
  <reporter-output>
  </reporter-output>
  <suite started-at="2022-01-13T16:30:06Z" name="Default suite" finished-at="2022-01-13T16:30:36Z" duration-ms="30199">
    <groups>
      <group name="electronics">
        <method signature="EbaySetup.electronicsPage()[pri:2, instance:Testng.PomSetup.EbaySetup@7ef82753]" name="electronicsPage" class="Testng.PomSetup.EbaySetup"/>
        <method signature="EbaySetup.navigate_to_homepage_click_on_SearchBar()[pri:1, instance:Testng.PomSetup.EbaySetup@7ef82753]" name="navigate_to_homepage_click_on_SearchBar" class="Testng.PomSetup.EbaySetup"/>
      </group> <!-- electronics -->
      <group name="sports">
        <method signature="EbaySetup.sportsPage()[pri:4, instance:Testng.PomSetup.EbaySetup@7ef82753]" name="sportsPage" class="Testng.PomSetup.EbaySetup"/>
      </group> <!-- sports -->
    </groups>
    <test started-at="2022-01-13T16:30:06Z" name="Default test" finished-at="2022-01-13T16:30:36Z" duration-ms="30199">
      <class name="Testng.PomSetup.EbaySetup">
        <test-method is-config="true" signature="setup()[pri:0, instance:Testng.PomSetup.EbaySetup@7ef82753]" started-at="2022-01-13T16:30:06Z" name="setup" finished-at="2022-01-13T16:30:12Z" duration-ms="6059" status="PASS">
          <reporter-output>
          </reporter-output>
        </test-method> <!-- setup -->
        <test-method signature="navigate_to_homepage_click_on_SearchBar()[pri:1, instance:Testng.PomSetup.EbaySetup@7ef82753]" started-at="2022-01-13T16:30:12Z" name="navigate_to_homepage_click_on_SearchBar" finished-at="2022-01-13T16:30:16Z" duration-ms="3614" status="PASS">
          <reporter-output>
          </reporter-output>
        </test-method> <!-- navigate_to_homepage_click_on_SearchBar -->
        <test-method signature="electronicsPage()[pri:2, instance:Testng.PomSetup.EbaySetup@7ef82753]" started-at="2022-01-13T16:30:16Z" name="electronicsPage" finished-at="2022-01-13T16:30:19Z" duration-ms="3481" status="PASS">
          <reporter-output>
          </reporter-output>
        </test-method> <!-- electronicsPage -->
        <test-method signature="sellPage()[pri:3, instance:Testng.PomSetup.EbaySetup@7ef82753]" started-at="2022-01-13T16:30:19Z" name="sellPage" finished-at="2022-01-13T16:30:23Z" duration-ms="4248" status="PASS">
          <reporter-output>
          </reporter-output>
        </test-method> <!-- sellPage -->
        <test-method signature="sportsPage()[pri:4, instance:Testng.PomSetup.EbaySetup@7ef82753]" started-at="2022-01-13T16:30:23Z" name="sportsPage" finished-at="2022-01-13T16:30:36Z" duration-ms="12578" status="PASS">
          <reporter-output>
          </reporter-output>
        </test-method> <!-- sportsPage -->
        <test-method is-config="true" signature="closeBrowser()[pri:0, instance:Testng.PomSetup.EbaySetup@7ef82753]" started-at="2022-01-13T16:30:36Z" name="closeBrowser" finished-at="2022-01-13T16:30:36Z" duration-ms="160" status="PASS">
          <reporter-output>
          </reporter-output>
        </test-method> <!-- closeBrowser -->
      </class> <!-- Testng.PomSetup.EbaySetup -->
    </test> <!-- Default test -->
  </suite> <!-- Default suite -->
</testng-results>
