<?xml version="1.0" encoding="UTF-8"?>
<testng-results ignored="0" total="4" passed="4" failed="0" skipped="0">
  <reporter-output>
  </reporter-output>
  <suite started-at="2021-10-01T15:57:37Z" name="Suite" finished-at="2021-10-01T15:58:01Z" duration-ms="23426">
    <groups>
    </groups>
    <test started-at="2021-10-01T15:57:37Z" name="Test" finished-at="2021-10-01T15:58:01Z" duration-ms="23426">
      <class name="Testng.PomSetup.EbaySetup">
        <test-method is-config="true" signature="setup()[pri:0, instance:Testng.PomSetup.EbaySetup@3e27ba32]" started-at="2021-10-01T15:57:37Z" name="setup" finished-at="2021-10-01T15:57:41Z" duration-ms="3451" status="PASS">
          <reporter-output>
          </reporter-output>
        </test-method> <!-- setup -->
        <test-method signature="navigate_to_homepage_click_on_SearchBar()[pri:1, instance:Testng.PomSetup.EbaySetup@3e27ba32]" started-at="2021-10-01T15:57:41Z" name="navigate_to_homepage_click_on_SearchBar" finished-at="2021-10-01T15:57:44Z" duration-ms="3439" status="PASS">
          <reporter-output>
          </reporter-output>
        </test-method> <!-- navigate_to_homepage_click_on_SearchBar -->
        <test-method signature="enter_userDetails()[pri:2, instance:Testng.PomSetup.EbaySetup@3e27ba32]" started-at="2021-10-01T15:57:44Z" name="enter_userDetails" finished-at="2021-10-01T15:57:53Z" duration-ms="8683" status="PASS">
          <reporter-output>
          </reporter-output>
        </test-method> <!-- enter_userDetails -->
        <test-method signature="enter1_userDetails()[pri:3, instance:Testng.PomSetup.EbaySetup@3e27ba32]" started-at="2021-10-01T15:57:53Z" name="enter1_userDetails" finished-at="2021-10-01T15:57:57Z" duration-ms="3891" status="PASS">
          <reporter-output>
          </reporter-output>
        </test-method> <!-- enter1_userDetails -->
        <test-method signature="enter2_userDetails()[pri:4, instance:Testng.PomSetup.EbaySetup@3e27ba32]" started-at="2021-10-01T15:57:57Z" name="enter2_userDetails" finished-at="2021-10-01T15:58:01Z" duration-ms="3809" status="PASS">
          <reporter-output>
          </reporter-output>
        </test-method> <!-- enter2_userDetails -->
        <test-method is-config="true" signature="closeBrowser()[pri:0, instance:Testng.PomSetup.EbaySetup@3e27ba32]" started-at="2021-10-01T15:58:01Z" name="closeBrowser" finished-at="2021-10-01T15:58:01Z" duration-ms="127" status="PASS">
          <reporter-output>
          </reporter-output>
        </test-method> <!-- closeBrowser -->
      </class> <!-- Testng.PomSetup.EbaySetup -->
    </test> <!-- Test -->
  </suite> <!-- Suite -->
</testng-results>
